<?xml version="1.0" encoding="UTF-8"?>
<!-- Generated by org.testng.reporters.JUnitReportReporter -->
<testsuite hostname="Jordans-MacBook-Pro.local" name="com.netflix.exhibitor.core.automanage.TestFixedAutoInstanceManagement" tests="4" failures="0" timestamp="5 Feb 2017 21:01:19 GMT" time="0.251" errors="0">
  <testcase name="testReplacement" time="0.010" classname="com.netflix.exhibitor.core.automanage.TestFixedAutoInstanceManagement"/>
  <testcase name="testNoRoom" time="0.007" classname="com.netflix.exhibitor.core.automanage.TestFixedAutoInstanceManagement"/>
  <testcase name="testBecomesObserver" time="0.221" classname="com.netflix.exhibitor.core.automanage.TestFixedAutoInstanceManagement"/>
  <testcase name="testSimpleAddition" time="0.013" classname="com.netflix.exhibitor.core.automanage.TestFixedAutoInstanceManagement"/>
</testsuite>
