<?xml version="1.0" encoding="UTF-8"?>
<!-- Generated by org.testng.reporters.JUnitReportReporter -->
<testsuite hostname="Jordans-MacBook-Pro.local" name="com.netflix.exhibitor.core.automanage.TestFlexibleAutoInstanceManagement" tests="9" failures="0" timestamp="5 Feb 2017 21:01:19 GMT" time="3.243" errors="0">
  <testcase name="testNoChange" time="0.007" classname="com.netflix.exhibitor.core.automanage.TestFlexibleAutoInstanceManagement"/>
  <testcase name="testAdditionWithConfigContention" time="0.014" classname="com.netflix.exhibitor.core.automanage.TestFlexibleAutoInstanceManagement"/>
  <testcase name="testInitialAddition" time="0.012" classname="com.netflix.exhibitor.core.automanage.TestFlexibleAutoInstanceManagement"/>
  <testcase name="testAddition" time="0.012" classname="com.netflix.exhibitor.core.automanage.TestFlexibleAutoInstanceManagement"/>
  <testcase name="testNoServers" time="0.010" classname="com.netflix.exhibitor.core.automanage.TestFlexibleAutoInstanceManagement"/>
  <testcase name="testUnstable" time="3.022" classname="com.netflix.exhibitor.core.automanage.TestFlexibleAutoInstanceManagement"/>
  <testcase name="testAdditionWithRemoval" time="0.014" classname="com.netflix.exhibitor.core.automanage.TestFlexibleAutoInstanceManagement"/>
  <testcase name="testRemoval" time="0.142" classname="com.netflix.exhibitor.core.automanage.TestFlexibleAutoInstanceManagement"/>
  <testcase name="testBecomesObserver" time="0.010" classname="com.netflix.exhibitor.core.automanage.TestFlexibleAutoInstanceManagement"/>
</testsuite>
