<?xml version="1.0" encoding="UTF-8"?>
<!-- Generated by org.testng.reporters.JUnitReportReporter -->
<testsuite hostname="Jordans-MacBook-Pro.local" name="com.netflix.exhibitor.core.state.TestMonitorRunningInstance" tests="2" failures="0" timestamp="5 Feb 2017 21:01:19 GMT" time="3.147" errors="0">
  <testcase name="testServerListHasChanged" time="0.112" classname="com.netflix.exhibitor.core.state.TestMonitorRunningInstance"/>
  <testcase name="testTempDownInstance" time="3.035" classname="com.netflix.exhibitor.core.state.TestMonitorRunningInstance"/>
</testsuite>
