<?xml version="1.0" encoding="UTF-8"?>
<!-- Generated by org.testng.reporters.JUnitReportReporter -->
<testsuite hostname="Jordans-MacBook-Pro.local" name="com.netflix.exhibitor.core.config.TestRollingChangeStaging" tests="2" failures="0" timestamp="5 Feb 2017 21:01:19 GMT" time="2.182" errors="0">
  <testcase name="testBasic" time="1.135" classname="com.netflix.exhibitor.core.config.TestRollingChangeStaging"/>
  <testcase name="testMultiple" time="1.047" classname="com.netflix.exhibitor.core.config.TestRollingChangeStaging"/>
</testsuite>
