<?xml version="1.0" encoding="UTF-8"?>
<!-- Generated by org.testng.reporters.JUnitReportReporter -->
<testsuite hostname="Jordans-MacBook-Pro.local" name="com.netflix.exhibitor.core.servo.TestGetMonitorData" tests="1" failures="0" timestamp="5 Feb 2017 21:01:19 GMT" time="0.039" errors="0">
  <testcase name="testSimple" time="0.039" classname="com.netflix.exhibitor.core.servo.TestGetMonitorData"/>
</testsuite>
