<?xml version="1.0" encoding="UTF-8"?>
<!-- Generated by org.testng.reporters.JUnitReportReporter -->
<testsuite hostname="Jordans-MacBook-Pro.local" name="com.netflix.exhibitor.core.config.TestZooCfgOrdering" tests="1" failures="0" timestamp="5 Feb 2017 21:01:19 GMT" time="0.132" errors="0">
  <testcase name="testZooCfgOrdering" time="0.132" classname="com.netflix.exhibitor.core.config.TestZooCfgOrdering"/>
</testsuite>
