<?xml version="1.0" encoding="UTF-8"?>
<!-- Generated by org.testng.reporters.JUnitReportReporter -->
<testsuite hostname="Jordans-MacBook-Pro.local" name="com.netflix.exhibitor.core.config.TestRollingConfigChange" tests="6" failures="0" timestamp="5 Feb 2017 21:01:19 GMT" time="0.080" errors="0">
  <testcase name="testLongQuorumSuccess" time="0.010" classname="com.netflix.exhibitor.core.config.TestRollingConfigChange"/>
  <testcase name="testDownMiddleInstance" time="0.013" classname="com.netflix.exhibitor.core.config.TestRollingConfigChange"/>
  <testcase name="testDownLastInstance" time="0.017" classname="com.netflix.exhibitor.core.config.TestRollingConfigChange"/>
  <testcase name="testFailedQuorum" time="0.010" classname="com.netflix.exhibitor.core.config.TestRollingConfigChange"/>
  <testcase name="testAllDownInstances" time="0.016" classname="com.netflix.exhibitor.core.config.TestRollingConfigChange"/>
  <testcase name="testChange" time="0.014" classname="com.netflix.exhibitor.core.config.TestRollingConfigChange"/>
</testsuite>
