<?xml version="1.0" encoding="UTF-8"?>
<!-- Generated by org.testng.reporters.JUnitReportReporter -->
<testsuite hostname="Jordans-MacBook-Pro.local" name="com.netflix.exhibitor.core.automanage.TestRemoteInstanceRequestClient" tests="2" failures="0" timestamp="5 Feb 2017 21:01:19 GMT" time="3.873" errors="0">
  <testcase name="testConnectionTimeout" time="3.681" classname="com.netflix.exhibitor.core.automanage.TestRemoteInstanceRequestClient"/>
  <testcase name="testMissingServer" time="0.192" classname="com.netflix.exhibitor.core.automanage.TestRemoteInstanceRequestClient"/>
</testsuite>
