<?xml version="1.0" encoding="UTF-8"?>
<!-- Generated by org.testng.reporters.JUnitReportReporter -->
<testsuite hostname="Jordans-MacBook-Pro.local" name="com.netflix.exhibitor.core.config.s3.TestS3PseudoLock" tests="5" failures="0" timestamp="5 Feb 2017 21:01:19 GMT" time="0.082" errors="0">
  <testcase name="testMulti" time="0.014" classname="com.netflix.exhibitor.core.config.s3.TestS3PseudoLock"/>
  <testcase name="testGCOldLockFiles" time="0.038" classname="com.netflix.exhibitor.core.config.s3.TestS3PseudoLock"/>
  <testcase name="testBlocking" time="0.028" classname="com.netflix.exhibitor.core.config.s3.TestS3PseudoLock"/>
  <testcase name="testSingle" time="0.001" classname="com.netflix.exhibitor.core.config.s3.TestS3PseudoLock"/>
  <testcase name="testWithDifferentLockKeySeparator" time="0.001" classname="com.netflix.exhibitor.core.config.s3.TestS3PseudoLock"/>
</testsuite>
