<?xml version="1.0" encoding="UTF-8"?>
<!-- Generated by org.testng.reporters.JUnitReportReporter -->
<testsuite hostname="Jordans-MacBook-Pro.local" name="com.netflix.exhibitor.core.activity.TestActivityQueue" tests="6" failures="0" timestamp="5 Feb 2017 21:01:19 GMT" time="14.836" errors="0">
  <testcase name="testDelay" time="2.004" classname="com.netflix.exhibitor.core.activity.TestActivityQueue"/>
  <testcase name="test" time="10.018" classname="com.netflix.exhibitor.core.activity.TestActivityQueue"/>
  <testcase name="testRepeating" time="1.612" classname="com.netflix.exhibitor.core.activity.TestActivityQueue"/>
  <testcase name="testBasic" time="0.037" classname="com.netflix.exhibitor.core.activity.TestActivityQueue"/>
  <testcase name="testSequential" time="1.159" classname="com.netflix.exhibitor.core.activity.TestActivityQueue"/>
  <testcase name="testReplace" time="0.006" classname="com.netflix.exhibitor.core.activity.TestActivityQueue"/>
</testsuite>
