<?xml version="1.0" encoding="UTF-8"?>
<!-- Generated by org.testng.reporters.JUnitReportReporter -->
<testsuite hostname="Jordans-MacBook-Pro.local" name="com.netflix.exhibitor.core.state.TestServerList" tests="2" failures="0" timestamp="5 Feb 2017 21:01:19 GMT" time="0.003" errors="0">
  <testcase name="testEdges" time="0.002" classname="com.netflix.exhibitor.core.state.TestServerList"/>
  <testcase name="testSimple" time="0.001" classname="com.netflix.exhibitor.core.state.TestServerList"/>
</testsuite>
