<?xml version="1.0" encoding="UTF-8"?>
<!-- Generated by org.testng.reporters.JUnitReportReporter -->
<testsuite hostname="Jordans-MacBook-Pro.local" name="com.netflix.exhibitor.core.config.zookeeper.TestZookeeperConfigProvider" tests="2" failures="0" timestamp="5 Feb 2017 21:01:19 GMT" time="6.692" errors="0">
  <testcase name="testBasic" time="3.941" classname="com.netflix.exhibitor.core.config.zookeeper.TestZookeeperConfigProvider"/>
  <testcase name="testConcurrentModification" time="2.751" classname="com.netflix.exhibitor.core.config.zookeeper.TestZookeeperConfigProvider"/>
</testsuite>
